<?xml version="1.0" encoding="UTF-8"?>
<!-- Generated by org.testng.reporters.JUnitReportReporter -->
<testsuite hostname="LAPTOP-19KPNME6" failures="0" tests="2" name="test.TS001" time="2.805" errors="0" timestamp="11 Aug 2023 07:35:40 GMT" skipped="0">
  <testcase classname="test.TS001" name="Setup" time="2.241"/>
  <testcase classname="test.TS001" name="aurl" time="0.564"/>
</testsuite> <!-- test.TS001 -->
